<?xml version="1.0" encoding="UTF-8"?>
<testng-results ignored="0" total="1" passed="1" failed="0" skipped="0">
  <reporter-output>
  </reporter-output>
  <suite started-at="2023-09-01T00:14:19 IST" name="Default suite" finished-at="2023-09-01T00:14:30 IST" duration-ms="11384">
    <groups>
    </groups>
    <test started-at="2023-09-01T00:14:19 IST" name="Default test" finished-at="2023-09-01T00:14:30 IST" duration-ms="11384">
      <class name="TablesQuestion.PrintInfoOfCountry">
        <test-method signature="launch()[pri:0, instance:TablesQuestion.PrintInfoOfCountry@2f7298b]" started-at="2023-09-01T00:14:19 IST" name="launch" finished-at="2023-09-01T00:14:30 IST" duration-ms="11354" status="PASS">
          <reporter-output>
          </reporter-output>
        </test-method> <!-- launch -->
      </class> <!-- TablesQuestion.PrintInfoOfCountry -->
    </test> <!-- Default test -->
  </suite> <!-- Default suite -->
</testng-results>
